<?xml version="1.0" encoding="utf-8"?><testsuites name="pytest tests"><testsuite name="pytest" errors="0" failures="2" skipped="0" tests="29" time="10.657" timestamp="2026-08-21T10:56:15.968934+00:00" hostname="agent-env-45b90c9e-2639-4ac2-b297-03a7b0c06df8"><testcase classname="tests.backend_test.TestSeed" name="test_seed_force" time="0.375"><failure message="AssertionError: seed failed: 422 {&quot;detail&quot;:[{&quot;type&quot;:&quot;missing&quot;,&quot;loc&quot;:[&quot;body&quot;],&quot;msg&quot;:&quot;Field required&quot;,&quot;input&quot;:null,&quot;url&quot;:&quot;https://errors.pydantic.dev/2.13/v/missing&quot;}]}&#10;assert 422 == 200&#10; +  where 422 = &lt;Response [422]&gt;.status_code">tests/backend_test.py:147: in test_seed_force
    assert r.status_code == 200, f"seed failed: {r.status_code} {r.text}"
E   AssertionError: seed failed: 422 {"detail":[{"type":"missing","loc":["body"],"msg":"Field required","input":null,"url":"https://errors.pydantic.dev/2.13/v/missing"}]}
E   assert 422 == 200
E    +  where 422 = &lt;Response [422]&gt;.status_code</failure></testcase><testcase classname="tests.backend_test.TestCRUD" name="test_list[members]" time="0.293" /><testcase classname="tests.backend_test.TestCRUD" name="test_list[events]" time="0.063" /><testcase classname="tests.backend_test.TestCRUD" name="test_list[chores]" time="0.062" /><testcase classname="tests.backend_test.TestSeed" name="test_seed_no_force_is_noop" time="0.089"><failure message="AssertionError: seed failed: 422 {&quot;detail&quot;:[{&quot;type&quot;:&quot;missing&quot;,&quot;loc&quot;:[&quot;body&quot;],&quot;msg&quot;:&quot;Field required&quot;,&quot;input&quot;:null,&quot;url&quot;:&quot;https://errors.pydantic.dev/2.13/v/missing&quot;}]}&#10;assert 422 == 200&#10; +  where 422 = &lt;Response [422]&gt;.status_code">tests/backend_test.py:155: in test_seed_no_force_is_noop
    assert r.status_code == 200, f"seed failed: {r.status_code} {r.text}"
E   AssertionError: seed failed: 422 {"detail":[{"type":"missing","loc":["body"],"msg":"Field required","input":null,"url":"https://errors.pydantic.dev/2.13/v/missing"}]}
E   assert 422 == 200
E    +  where 422 = &lt;Response [422]&gt;.status_code</failure></testcase><testcase classname="tests.backend_test.TestCRUD" name="test_list[homework]" time="0.068" /><testcase classname="tests.backend_test.TestHealth" name="test_root" time="0.101" /><testcase classname="tests.backend_test.TestCRUD" name="test_list[pets]" time="0.061" /><testcase classname="tests.backend_test.TestCRUD" name="test_list[petlogs]" time="0.102" /><testcase classname="tests.backend_test.TestCatchup" name="test_catchup" time="9.484" /><testcase classname="tests.backend_test.TestCRUD" name="test_list[groceries]" time="1.529" /><testcase classname="tests.backend_test.TestCRUD" name="test_list[transactions]" time="0.065" /><testcase classname="tests.backend_test.TestCRUD" name="test_list[todos]" time="0.060" /><testcase classname="tests.backend_test.TestCRUD" name="test_list[maintenance]" time="0.063" /><testcase classname="tests.backend_test.TestCRUD" name="test_full_crud_cycle[members]" time="0.380" /><testcase classname="tests.backend_test.TestCRUD" name="test_full_crud_cycle[events]" time="0.616" /><testcase classname="tests.backend_test.TestCRUD" name="test_full_crud_cycle[chores]" time="0.366" /><testcase classname="tests.backend_test.TestCRUD" name="test_full_crud_cycle[homework]" time="1.335" /><testcase classname="tests.backend_test.TestCRUD" name="test_full_crud_cycle[pets]" time="1.025" /><testcase classname="tests.backend_test.TestCRUD" name="test_full_crud_cycle[petlogs]" time="0.371" /><testcase classname="tests.backend_test.TestCRUD" name="test_full_crud_cycle[groceries]" time="0.381" /><testcase classname="tests.backend_test.TestCRUD" name="test_full_crud_cycle[transactions]" time="0.360" /><testcase classname="tests.backend_test.TestCRUD" name="test_full_crud_cycle[todos]" time="0.355" /><testcase classname="tests.backend_test.TestCRUD" name="test_full_crud_cycle[maintenance]" time="0.672" /><testcase classname="tests.backend_test.TestCRUD" name="test_unknown_resource_get" time="0.061" /><testcase classname="tests.backend_test.TestCRUD" name="test_unknown_resource_post" time="0.058" /><testcase classname="tests.backend_test.TestCRUD" name="test_patch_missing_id_returns_404" time="0.064" /><testcase classname="tests.backend_test.TestCRUD" name="test_delete_missing_id" time="0.060" /><testcase classname="tests.backend_test.TestCRUD" name="test_patch_cannot_overwrite_id" time="0.268" /></testsuite></testsuites>